{"C:\\Projects\\Desafio\\teddy-challenger\\apps\\frontend\\src\\application\\use-cases\\auth\\login.usecase.ts": {"path":"C:\\Projects\\Desafio\\teddy-challenger\\apps\\frontend\\src\\application\\use-cases\\auth\\login.usecase.ts","statementMap":{"0":{"start":{"line":4,"column":22},"end":{"line":4,"column":55}},"1":{"start":{"line":7,"column":4},"end":{"line":7,"column":null}}},"fnMap":{"0":{"name":"(anonymous_0)","decl":{"start":{"line":4,"column":2},"end":{"line":4,"column":22}},"loc":{"start":{"line":4,"column":55},"end":{"line":4,"column":null}},"line":4},"1":{"name":"(anonymous_1)","decl":{"start":{"line":6,"column":8},"end":{"line":6,"column":16}},"loc":{"start":{"line":6,"column":65},"end":{"line":8,"column":null}},"line":6}},"branchMap":{},"s":{"0":4,"1":4},"f":{"0":4,"1":4},"b":{},"meta":{"lastBranch":0,"lastFunction":2,"lastStatement":2,"seen":{"f:4:2:4:22":0,"s:4:22:4:55":0,"f:6:8:6:16":1,"s:7:4:7:Infinity":1}}}
,"C:\\Projects\\Desafio\\teddy-challenger\\apps\\frontend\\src\\application\\use-cases\\auth\\logout.usecase.ts": {"path":"C:\\Projects\\Desafio\\teddy-challenger\\apps\\frontend\\src\\application\\use-cases\\auth\\logout.usecase.ts","statementMap":{"0":{"start":{"line":4,"column":22},"end":{"line":4,"column":55}},"1":{"start":{"line":7,"column":4},"end":{"line":7,"column":null}}},"fnMap":{"0":{"name":"(anonymous_0)","decl":{"start":{"line":4,"column":2},"end":{"line":4,"column":22}},"loc":{"start":{"line":4,"column":55},"end":{"line":4,"column":null}},"line":4},"1":{"name":"(anonymous_1)","decl":{"start":{"line":6,"column":8},"end":{"line":6,"column":33}},"loc":{"start":{"line":6,"column":33},"end":{"line":8,"column":null}},"line":6}},"branchMap":{},"s":{"0":3,"1":3},"f":{"0":3,"1":3},"b":{},"meta":{"lastBranch":0,"lastFunction":2,"lastStatement":2,"seen":{"f:4:2:4:22":0,"s:4:22:4:55":0,"f:6:8:6:33":1,"s:7:4:7:Infinity":1}}}
,"C:\\Projects\\Desafio\\teddy-challenger\\apps\\frontend\\src\\application\\use-cases\\customers\\list-customers.usecase.ts": {"path":"C:\\Projects\\Desafio\\teddy-challenger\\apps\\frontend\\src\\application\\use-cases\\customers\\list-customers.usecase.ts","statementMap":{"0":{"start":{"line":4,"column":22},"end":{"line":4,"column":63}},"1":{"start":{"line":7,"column":4},"end":{"line":7,"column":null}}},"fnMap":{"0":{"name":"(anonymous_0)","decl":{"start":{"line":4,"column":2},"end":{"line":4,"column":22}},"loc":{"start":{"line":4,"column":63},"end":{"line":4,"column":null}},"line":4},"1":{"name":"(anonymous_1)","decl":{"start":{"line":6,"column":8},"end":{"line":6,"column":16}},"loc":{"start":{"line":6,"column":82},"end":{"line":8,"column":null}},"line":6}},"branchMap":{},"s":{"0":4,"1":4},"f":{"0":4,"1":4},"b":{},"meta":{"lastBranch":0,"lastFunction":2,"lastStatement":2,"seen":{"f:4:2:4:22":0,"s:4:22:4:63":0,"f:6:8:6:16":1,"s:7:4:7:Infinity":1}}}
,"C:\\Projects\\Desafio\\teddy-challenger\\apps\\frontend\\src\\domain\\entities\\customer.ts": {"path":"C:\\Projects\\Desafio\\teddy-challenger\\apps\\frontend\\src\\domain\\entities\\customer.ts","statementMap":{"0":{"start":{"line":8,"column":11},"end":{"line":8,"column":null}},"1":{"start":{"line":14,"column":4},"end":{"line":14,"column":null}}},"fnMap":{"0":{"name":"(anonymous_0)","decl":{"start":{"line":13,"column":2},"end":{"line":13,"column":14}},"loc":{"start":{"line":13,"column":44},"end":{"line":15,"column":null}},"line":13}},"branchMap":{"0":{"loc":{"start":{"line":13,"column":14},"end":{"line":13,"column":44}},"type":"default-arg","locations":[{"start":{"line":13,"column":40},"end":{"line":13,"column":44}}],"line":13}},"s":{"0":8,"1":8},"f":{"0":8},"b":{"0":[8]},"meta":{"lastBranch":1,"lastFunction":1,"lastStatement":2,"seen":{"s:8:11:8:Infinity":0,"f:13:2:13:14":0,"b:13:40:13:44":0,"s:14:4:14:Infinity":1}}}
,"C:\\Projects\\Desafio\\teddy-challenger\\apps\\frontend\\src\\domain\\entities\\user.ts": {"path":"C:\\Projects\\Desafio\\teddy-challenger\\apps\\frontend\\src\\domain\\entities\\user.ts","statementMap":{"0":{"start":{"line":8,"column":4},"end":{"line":8,"column":null}}},"fnMap":{"0":{"name":"(anonymous_0)","decl":{"start":{"line":7,"column":2},"end":{"line":7,"column":14}},"loc":{"start":{"line":7,"column":40},"end":{"line":9,"column":null}},"line":7}},"branchMap":{"0":{"loc":{"start":{"line":7,"column":14},"end":{"line":7,"column":40}},"type":"default-arg","locations":[{"start":{"line":7,"column":36},"end":{"line":7,"column":40}}],"line":7}},"s":{"0":7},"f":{"0":7},"b":{"0":[7]},"meta":{"lastBranch":1,"lastFunction":1,"lastStatement":1,"seen":{"f:7:2:7:14":0,"b:7:36:7:40":0,"s:8:4:8:Infinity":0}}}
,"C:\\Projects\\Desafio\\teddy-challenger\\apps\\frontend\\src\\infra\\services\\dashboard.service.ts": {"path":"C:\\Projects\\Desafio\\teddy-challenger\\apps\\frontend\\src\\infra\\services\\dashboard.service.ts","statementMap":{"0":{"start":{"line":3,"column":21},"end":{"line":3,"column":null}},"1":{"start":{"line":8,"column":4},"end":{"line":10,"column":null}},"2":{"start":{"line":12,"column":2},"end":{"line":12,"column":null}},"3":{"start":{"line":13,"column":2},"end":{"line":13,"column":null}},"4":{"start":{"line":16,"column":32},"end":{"line":100,"column":null}},"5":{"start":{"line":18,"column":18},"end":{"line":18,"column":null}},"6":{"start":{"line":19,"column":4},"end":{"line":21,"column":null}},"7":{"start":{"line":20,"column":6},"end":{"line":20,"column":null}},"8":{"start":{"line":23,"column":21},"end":{"line":29,"column":null}},"9":{"start":{"line":31,"column":4},"end":{"line":33,"column":null}},"10":{"start":{"line":32,"column":6},"end":{"line":32,"column":null}},"11":{"start":{"line":35,"column":4},"end":{"line":35,"column":null}},"12":{"start":{"line":39,"column":18},"end":{"line":39,"column":null}},"13":{"start":{"line":40,"column":4},"end":{"line":42,"column":null}},"14":{"start":{"line":41,"column":6},"end":{"line":41,"column":null}},"15":{"start":{"line":44,"column":21},"end":{"line":50,"column":null}},"16":{"start":{"line":52,"column":4},"end":{"line":54,"column":null}},"17":{"start":{"line":53,"column":6},"end":{"line":53,"column":null}},"18":{"start":{"line":56,"column":4},"end":{"line":56,"column":null}},"19":{"start":{"line":60,"column":18},"end":{"line":60,"column":null}},"20":{"start":{"line":61,"column":4},"end":{"line":63,"column":null}},"21":{"start":{"line":62,"column":6},"end":{"line":62,"column":null}},"22":{"start":{"line":65,"column":21},"end":{"line":71,"column":null}},"23":{"start":{"line":73,"column":4},"end":{"line":75,"column":null}},"24":{"start":{"line":74,"column":6},"end":{"line":74,"column":null}},"25":{"start":{"line":77,"column":4},"end":{"line":77,"column":null}},"26":{"start":{"line":81,"column":18},"end":{"line":81,"column":null}},"27":{"start":{"line":82,"column":4},"end":{"line":84,"column":null}},"28":{"start":{"line":83,"column":6},"end":{"line":83,"column":null}},"29":{"start":{"line":86,"column":21},"end":{"line":92,"column":null}},"30":{"start":{"line":94,"column":4},"end":{"line":96,"column":null}},"31":{"start":{"line":95,"column":6},"end":{"line":95,"column":null}},"32":{"start":{"line":98,"column":4},"end":{"line":98,"column":null}}},"fnMap":{"0":{"name":"getAuthToken","decl":{"start":{"line":5,"column":9},"end":{"line":5,"column":32}},"loc":{"start":{"line":5,"column":32},"end":{"line":14,"column":null}},"line":5},"1":{"name":"(anonymous_1)","decl":{"start":{"line":17,"column":8},"end":{"line":17,"column":49}},"loc":{"start":{"line":17,"column":49},"end":{"line":36,"column":null}},"line":17},"2":{"name":"(anonymous_2)","decl":{"start":{"line":38,"column":8},"end":{"line":38,"column":27}},"loc":{"start":{"line":38,"column":61},"end":{"line":57,"column":null}},"line":38},"3":{"name":"(anonymous_3)","decl":{"start":{"line":59,"column":8},"end":{"line":59,"column":32}},"loc":{"start":{"line":59,"column":75},"end":{"line":78,"column":null}},"line":59},"4":{"name":"(anonymous_4)","decl":{"start":{"line":80,"column":8},"end":{"line":80,"column":30}},"loc":{"start":{"line":80,"column":71},"end":{"line":99,"column":null}},"line":80}},"branchMap":{"0":{"loc":{"start":{"line":8,"column":4},"end":{"line":10,"column":null}},"type":"binary-expr","locations":[{"start":{"line":8,"column":4},"end":{"line":8,"column":null}},{"start":{"line":9,"column":4},"end":{"line":9,"column":null}},{"start":{"line":10,"column":4},"end":{"line":10,"column":null}}],"line":8},"1":{"loc":{"start":{"line":12,"column":50},"end":{"line":12,"column":98}},"type":"cond-expr","locations":[{"start":{"line":12,"column":58},"end":{"line":12,"column":91}},{"start":{"line":12,"column":91},"end":{"line":12,"column":98}}],"line":12},"2":{"loc":{"start":{"line":13,"column":9},"end":{"line":13,"column":null}},"type":"binary-expr","locations":[{"start":{"line":13,"column":9},"end":{"line":13,"column":18}},{"start":{"line":13,"column":18},"end":{"line":13,"column":null}}],"line":13},"3":{"loc":{"start":{"line":19,"column":4},"end":{"line":21,"column":null}},"type":"if","locations":[{"start":{"line":19,"column":4},"end":{"line":21,"column":null}},{"start":{},"end":{}}],"line":19},"4":{"loc":{"start":{"line":31,"column":4},"end":{"line":33,"column":null}},"type":"if","locations":[{"start":{"line":31,"column":4},"end":{"line":33,"column":null}},{"start":{},"end":{}}],"line":31},"5":{"loc":{"start":{"line":38,"column":27},"end":{"line":38,"column":61}},"type":"default-arg","locations":[{"start":{"line":38,"column":35},"end":{"line":38,"column":61}}],"line":38},"6":{"loc":{"start":{"line":40,"column":4},"end":{"line":42,"column":null}},"type":"if","locations":[{"start":{"line":40,"column":4},"end":{"line":42,"column":null}},{"start":{},"end":{}}],"line":40},"7":{"loc":{"start":{"line":52,"column":4},"end":{"line":54,"column":null}},"type":"if","locations":[{"start":{"line":52,"column":4},"end":{"line":54,"column":null}},{"start":{},"end":{}}],"line":52},"8":{"loc":{"start":{"line":59,"column":32},"end":{"line":59,"column":75}},"type":"default-arg","locations":[{"start":{"line":59,"column":41},"end":{"line":59,"column":75}}],"line":59},"9":{"loc":{"start":{"line":61,"column":4},"end":{"line":63,"column":null}},"type":"if","locations":[{"start":{"line":61,"column":4},"end":{"line":63,"column":null}},{"start":{},"end":{}}],"line":61},"10":{"loc":{"start":{"line":73,"column":4},"end":{"line":75,"column":null}},"type":"if","locations":[{"start":{"line":73,"column":4},"end":{"line":75,"column":null}},{"start":{},"end":{}}],"line":73},"11":{"loc":{"start":{"line":80,"column":30},"end":{"line":80,"column":71}},"type":"default-arg","locations":[{"start":{"line":80,"column":37},"end":{"line":80,"column":71}}],"line":80},"12":{"loc":{"start":{"line":82,"column":4},"end":{"line":84,"column":null}},"type":"if","locations":[{"start":{"line":82,"column":4},"end":{"line":84,"column":null}},{"start":{},"end":{}}],"line":82},"13":{"loc":{"start":{"line":94,"column":4},"end":{"line":96,"column":null}},"type":"if","locations":[{"start":{"line":94,"column":4},"end":{"line":96,"column":null}},{"start":{},"end":{}}],"line":94}},"s":{"0":1,"1":8,"2":8,"3":8,"4":1,"5":4,"6":4,"7":1,"8":3,"9":2,"10":1,"11":1,"12":2,"13":2,"14":0,"15":2,"16":2,"17":0,"18":2,"19":1,"20":1,"21":0,"22":1,"23":1,"24":0,"25":1,"26":1,"27":1,"28":0,"29":1,"30":1,"31":0,"32":1},"f":{"0":8,"1":4,"2":2,"3":1,"4":1},"b":{"0":[8,8,1],"1":[7,1],"2":[8,1],"3":[1,3],"4":[1,1],"5":[2],"6":[0,2],"7":[0,2],"8":[1],"9":[0,1],"10":[0,1],"11":[1],"12":[0,1],"13":[0,1]},"meta":{"lastBranch":14,"lastFunction":5,"lastStatement":33,"seen":{"s:3:21:3:Infinity":0,"f:5:9:5:32":0,"s:8:4:10:Infinity":1,"b:8:4:8:Infinity:9:4:9:Infinity:10:4:10:Infinity":0,"s:12:2:12:Infinity":2,"b:12:58:12:91:12:91:12:98":1,"s:13:2:13:Infinity":3,"b:13:9:13:18:13:18:13:Infinity":2,"s:16:32:100:Infinity":4,"f:17:8:17:49":1,"s:18:18:18:Infinity":5,"b:19:4:21:Infinity:undefined:undefined:undefined:undefined":3,"s:19:4:21:Infinity":6,"s:20:6:20:Infinity":7,"s:23:21:29:Infinity":8,"b:31:4:33:Infinity:undefined:undefined:undefined:undefined":4,"s:31:4:33:Infinity":9,"s:32:6:32:Infinity":10,"s:35:4:35:Infinity":11,"f:38:8:38:27":2,"b:38:35:38:61":5,"s:39:18:39:Infinity":12,"b:40:4:42:Infinity:undefined:undefined:undefined:undefined":6,"s:40:4:42:Infinity":13,"s:41:6:41:Infinity":14,"s:44:21:50:Infinity":15,"b:52:4:54:Infinity:undefined:undefined:undefined:undefined":7,"s:52:4:54:Infinity":16,"s:53:6:53:Infinity":17,"s:56:4:56:Infinity":18,"f:59:8:59:32":3,"b:59:41:59:75":8,"s:60:18:60:Infinity":19,"b:61:4:63:Infinity:undefined:undefined:undefined:undefined":9,"s:61:4:63:Infinity":20,"s:62:6:62:Infinity":21,"s:65:21:71:Infinity":22,"b:73:4:75:Infinity:undefined:undefined:undefined:undefined":10,"s:73:4:75:Infinity":23,"s:74:6:74:Infinity":24,"s:77:4:77:Infinity":25,"f:80:8:80:30":4,"b:80:37:80:71":11,"s:81:18:81:Infinity":26,"b:82:4:84:Infinity:undefined:undefined:undefined:undefined":12,"s:82:4:84:Infinity":27,"s:83:6:83:Infinity":28,"s:86:21:92:Infinity":29,"b:94:4:96:Infinity:undefined:undefined:undefined:undefined":13,"s:94:4:96:Infinity":30,"s:95:6:95:Infinity":31,"s:98:4:98:Infinity":32}}}
}
