TN:
SF:src\application\use-cases\auth\login.usecase.ts
FN:4,(anonymous_0)
FN:6,(anonymous_1)
FNF:2
FNH:2
FNDA:4,(anonymous_0)
FNDA:4,(anonymous_1)
DA:4,4
DA:7,4
LF:2
LH:2
BRF:0
BRH:0
end_of_record
TN:
SF:src\application\use-cases\auth\logout.usecase.ts
FN:4,(anonymous_0)
FN:6,(anonymous_1)
FNF:2
FNH:2
FNDA:3,(anonymous_0)
FNDA:3,(anonymous_1)
DA:4,3
DA:7,3
LF:2
LH:2
BRF:0
BRH:0
end_of_record
TN:
SF:src\application\use-cases\customers\list-customers.usecase.ts
FN:4,(anonymous_0)
FN:6,(anonymous_1)
FNF:2
FNH:2
FNDA:4,(anonymous_0)
FNDA:4,(anonymous_1)
DA:4,4
DA:7,4
LF:2
LH:2
BRF:0
BRH:0
end_of_record
TN:
SF:src\domain\entities\customer.ts
FN:13,(anonymous_0)
FNF:1
FNH:1
FNDA:8,(anonymous_0)
DA:8,8
DA:14,8
LF:2
LH:2
BRDA:13,0,0,8
BRF:1
BRH:1
end_of_record
TN:
SF:src\domain\entities\user.ts
FN:7,(anonymous_0)
FNF:1
FNH:1
FNDA:7,(anonymous_0)
DA:8,7
LF:1
LH:1
BRDA:7,0,0,7
BRF:1
BRH:1
end_of_record
TN:
SF:src\infra\services\dashboard.service.ts
FN:5,getAuthToken
FN:17,(anonymous_1)
FN:38,(anonymous_2)
FN:59,(anonymous_3)
FN:80,(anonymous_4)
FNF:5
FNH:5
FNDA:8,getAuthToken
FNDA:4,(anonymous_1)
FNDA:2,(anonymous_2)
FNDA:1,(anonymous_3)
FNDA:1,(anonymous_4)
DA:3,1
DA:8,8
DA:12,8
DA:13,8
DA:16,1
DA:18,4
DA:19,4
DA:20,1
DA:23,3
DA:31,2
DA:32,1
DA:35,1
DA:39,2
DA:40,2
DA:41,0
DA:44,2
DA:52,2
DA:53,0
DA:56,2
DA:60,1
DA:61,1
DA:62,0
DA:65,1
DA:73,1
DA:74,0
DA:77,1
DA:81,1
DA:82,1
DA:83,0
DA:86,1
DA:94,1
DA:95,0
DA:98,1
LF:33
LH:27
BRDA:8,0,0,8
BRDA:8,0,1,8
BRDA:8,0,2,1
BRDA:12,1,0,7
BRDA:12,1,1,1
BRDA:13,2,0,8
BRDA:13,2,1,1
BRDA:19,3,0,1
BRDA:19,3,1,3
BRDA:31,4,0,1
BRDA:31,4,1,1
BRDA:38,5,0,2
BRDA:40,6,0,0
BRDA:40,6,1,2
BRDA:52,7,0,0
BRDA:52,7,1,2
BRDA:59,8,0,1
BRDA:61,9,0,0
BRDA:61,9,1,1
BRDA:73,10,0,0
BRDA:73,10,1,1
BRDA:80,11,0,1
BRDA:82,12,0,0
BRDA:82,12,1,1
BRDA:94,13,0,0
BRDA:94,13,1,1
BRF:26
BRH:20
end_of_record
